生成启动时间为 2020/1/30 17:12:23。
     1>项目“E:\学习\本地仓库\C_Test\test_1.9\test_1.9\test_1.9.vcxproj”在节点 2 上(Build 个目标)。
     1>ClCompile:
         E:\学习\vs2013\VC\bin\CL.exe /c /ZI /nologo /W3 /WX- /sdl /Od /Oy- /D _MBCS /Gm /EHsc /RTC1 /MDd /GS /fp:precise /Zc:wchar_t /Zc:forScope /Fo"Debug\\" /Fd"Debug\vc120.pdb" /Gd /TP /analyze- /errorReport:prompt main.cpp
         main.cpp
     1>e:\学习\本地仓库\c_test\test_1.9\test_1.9\main.cpp(108): error C2133: “passwd”: 未知的大小
     1>e:\学习\本地仓库\c_test\test_1.9\test_1.9\main.cpp(109): error C2070: “char []”:  非法的 sizeof 操作数
     1>e:\学习\本地仓库\c_test\test_1.9\test_1.9\main.cpp(109): error C3861: “mesmet”:  找不到标识符
     1>已完成生成项目“E:\学习\本地仓库\C_Test\test_1.9\test_1.9\test_1.9.vcxproj”(Build 个目标)的操作 - 失败。

生成失败。

已用时间 00:00:00.21
